" BRINES ECM8K : SENSITIVITY = 5.98 MV/PA "
1.000000E+01	-6.692148E+00	3.774542E+01	
1.028608E+01	-6.497218E+00	3.860968E+01	
1.058035E+01	-6.294580E+00	3.942381E+01	
1.088304E+01	-6.084499E+00	4.017477E+01	
1.119438E+01	-5.867272E+00	4.084781E+01	
1.151463E+01	-5.643238E+00	4.142635E+01	
1.184405E+01	-5.412779E+00	4.189186E+01	
1.218289E+01	-5.176540E+00	4.223147E+01	
1.253142E+01	-4.935542E+00	4.244256E+01	
1.288992E+01	-4.690896E+00	4.252414E+01	
1.325868E+01	-4.443779E+00	4.247631E+01	
1.363799E+01	-4.195439E+00	4.230042E+01	
1.402815E+01	-3.947190E+00	4.199926E+01	
1.442947E+01	-3.700426E+00	4.157730E+01	
1.484227E+01	-3.456621E+00	4.104096E+01	
1.526688E+01	-3.217336E+00	4.039882E+01	
1.570364E+01	-2.984242E+00	3.966199E+01	
1.615290E+01	-2.759128E+00	3.884443E+01	
1.661501E+01	-2.543927E+00	3.796331E+01	
1.709033E+01	-2.340747E+00	3.703949E+01	
1.757926E+01	-2.151905E+00	3.609789E+01	
1.808217E+01	-1.979389E+00	3.516273E+01	
1.859947E+01	-1.823047E+00	3.424009E+01	
1.913157E+01	-1.682177E+00	3.333117E+01	
1.967889E+01	-1.556051E+00	3.243709E+01	
2.024187E+01	-1.443901E+00	3.155894E+01	
2.082096E+01	-1.344883E+00	3.069770E+01	
2.141661E+01	-1.258058E+00	2.985426E+01	
2.202930E+01	-1.182354E+00	2.902936E+01	
2.265952E+01	-1.116538E+00	2.822360E+01	
2.330777E+01	-1.059172E+00	2.743737E+01	
2.397457E+01	-1.008662E+00	2.667107E+01	
2.466044E+01	-9.637973E-01	2.592656E+01	
2.536593E+01	-9.234569E-01	2.520648E+01	
2.609161E+01	-8.863097E-01	2.451367E+01	
2.683805E+01	-8.507857E-01	2.385110E+01	
2.760584E+01	-8.150413E-01	2.322191E+01	
2.839560E+01	-7.769262E-01	2.262940E+01	
2.920794E+01	-7.339522E-01	2.207705E+01	
3.004354E+01	-6.839422E-01	2.156710E+01	
3.090303E+01	-6.283027E-01	2.109369E+01	
3.178711E+01	-5.700842E-01	2.064654E+01	
3.269649E+01	-5.128213E-01	2.021316E+01	
3.363188E+01	-4.605827E-01	1.977858E+01	
3.459403E+01	-4.180416E-01	1.932498E+01	
3.558371E+01	-3.904313E-01	1.883204E+01	
3.660170E+01	-3.785899E-01	1.829779E+01	
3.764881E+01	-3.768830E-01	1.774766E+01	
3.872588E+01	-3.781966E-01	1.721354E+01	
3.983376E+01	-3.740880E-01	1.673298E+01	
4.097334E+01	-3.546389E-01	1.634985E+01	
4.214551E+01	-3.115397E-01	1.609767E+01	
4.335122E+01	-2.499991E-01	1.593339E+01	
4.459143E+01	-1.804748E-01	1.578149E+01	
4.586712E+01	-1.150638E-01	1.555239E+01	
4.717929E+01	-6.760557E-02	1.514116E+01	
4.852901E+01	-4.643021E-02	1.449982E+01	
4.991735E+01	-4.485782E-02	1.373365E+01	
5.134540E+01	-5.288436E-02	1.298896E+01	
5.281430E+01	-5.859972E-02	1.243874E+01	
5.432523E+01	-5.182880E-02	1.221269E+01	
5.587938E+01	-3.463694E-02	1.220101E+01	
5.747800E+01	-1.267371E-02	1.221388E+01	
5.912234E+01	7.437802E-03	1.202861E+01	
6.081374E+01	2.187152E-02	1.155078E+01	
6.255351E+01	3.278254E-02	1.095317E+01	
6.434306E+01	4.336055E-02	1.046813E+01	
6.618381E+01	5.672664E-02	1.029865E+01	
6.807722E+01	7.332044E-02	1.032609E+01	
7.002479E+01	9.263072E-02	1.029678E+01	
7.202808E+01	1.140518E-01	9.969385E+00	
7.408868E+01	1.369903E-01	9.440915E+00	
7.620823E+01	1.607923E-01	8.980336E+00	
7.838842E+01	1.845256E-01	8.797875E+00	
8.063098E+01	2.064622E-01	8.711721E+00	
8.293770E+01	2.244479E-01	8.406238E+00	
8.531040E+01	2.365456E-01	7.801617E+00	
8.775099E+01	2.413019E-01	7.212778E+00	
9.026140E+01	2.372543E-01	6.936652E+00	
9.284362E+01	2.234648E-01	6.800986E+00	
9.549972E+01	1.997327E-01	6.476985E+00	
9.823180E+01	1.738013E-01	6.048901E+00	
1.010421E+02	1.598584E-01	5.922585E+00	
1.039327E+02	1.609495E-01	6.068211E+00	
1.069060E+02	1.665133E-01	5.943891E+00	
1.099644E+02	1.689178E-01	5.502338E+00	
1.131103E+02	1.655949E-01	5.326911E+00	
1.163462E+02	1.599135E-01	5.414194E+00	
1.196747E+02	1.601479E-01	5.208658E+00	
1.230984E+02	1.659678E-01	4.892923E+00	
1.266200E+02	1.720067E-01	4.905571E+00	
1.302424E+02	1.745998E-01	4.793557E+00	
1.339684E+02	1.733226E-01	4.404154E+00	
1.378010E+02	1.715546E-01	4.350125E+00	
1.417433E+02	1.664137E-01	4.303706E+00	
1.457983E+02	1.584810E-01	3.981514E+00	
1.499693E+02	1.597005E-01	4.045684E+00	
1.542597E+02	1.666651E-01	3.976747E+00	
1.586728E+02	1.711729E-01	3.655635E+00	
1.632122E+02	1.707184E-01	3.719495E+00	
1.678814E+02	1.698022E-01	3.472679E+00	
1.726842E+02	1.739914E-01	3.392731E+00	
1.776244E+02	1.782438E-01	3.322381E+00	
1.827059E+02	1.782278E-01	3.037162E+00	
1.879329E+02	1.798471E-01	3.077456E+00	
1.933093E+02	1.767149E-01	2.708269E+00	
1.988396E+02	1.635655E-01	2.771035E+00	
2.045280E+02	1.592905E-01	2.516428E+00	
2.103792E+02	1.519316E-01	2.584787E+00	
2.163978E+02	1.490471E-01	2.355773E+00	
2.225886E+02	1.439202E-01	2.438609E+00	
2.289565E+02	1.462003E-01	2.228745E+00	
2.355065E+02	1.465188E-01	2.245190E+00	
2.422440E+02	1.398568E-01	2.049246E+00	
2.491741E+02	1.340985E-01	2.019324E+00	
2.563026E+02	1.313063E-01	1.991946E+00	
2.636350E+02	1.260391E-01	1.821053E+00	
2.711771E+02	1.231943E-01	1.878888E+00	
2.789351E+02	1.228898E-01	1.778279E+00	
2.869149E+02	1.127322E-01	1.641792E+00	
2.951230E+02	1.099929E-01	1.717705E+00	
3.035660E+02	1.098711E-01	1.722528E+00	
3.122505E+02	1.162120E-01	1.615485E+00	
3.211835E+02	1.188261E-01	1.533222E+00	
3.303720E+02	1.222421E-01	1.558121E+00	
3.398234E+02	1.293052E-01	1.498026E+00	
3.495452E+02	1.293064E-01	1.363486E+00	
3.595451E+02	1.271554E-01	1.237203E+00	
3.698310E+02	1.249853E-01	1.108034E+00	
3.804113E+02	1.186967E-01	1.023395E+00	
3.912942E+02	1.096831E-01	9.747304E-01	
4.024885E+02	1.034180E-01	9.239388E-01	
4.140030E+02	9.574201E-02	8.733386E-01	
4.258469E+02	8.793596E-02	8.375782E-01	
4.380297E+02	8.236882E-02	7.877570E-01	
4.505609E+02	7.685921E-02	7.610971E-01	
4.634507E+02	7.074605E-02	7.264628E-01	
4.767093E+02	6.717780E-02	7.160844E-01	
4.903471E+02	6.330209E-02	7.142975E-01	
5.043751E+02	5.554668E-02	6.834332E-01	
5.188044E+02	4.876523E-02	6.077204E-01	
5.336465E+02	3.752164E-02	5.765167E-01	
5.489133E+02	3.032619E-02	5.998293E-01	
5.646168E+02	2.132892E-02	5.897554E-01	
5.807695E+02	1.075421E-02	5.549909E-01	
5.973843E+02	1.969874E-03	6.207007E-01	
6.144744E+02	-7.851073E-03	5.984935E-01	
6.320535E+02	-1.715687E-02	6.973668E-01	
6.501355E+02	-2.197075E-02	7.008947E-01	
6.687347E+02	-2.639566E-02	8.020031E-01	
6.878661E+02	-3.064755E-02	8.381330E-01	
7.075448E+02	-3.116068E-02	9.029586E-01	
7.277865E+02	-2.937577E-02	1.009215E+00	
7.486072E+02	-2.507298E-02	1.068406E+00	
7.700236E+02	-1.905678E-02	1.098541E+00	
7.920527E+02	-1.429235E-02	1.123612E+00	
8.147120E+02	-7.161479E-03	1.168068E+00	
8.380195E+02	5.884543E-04	1.179514E+00	
8.619938E+02	7.141298E-03	1.184444E+00	
8.866540E+02	1.214609E-02	1.175265E+00	
9.120197E+02	1.291315E-02	1.184735E+00	
9.381110E+02	1.099083E-02	1.186959E+00	
9.649487E+02	5.838614E-03	1.172271E+00	
9.925543E+02	4.638724E-06	1.214071E+00	
1.020950E+03	-6.716902E-03	1.309657E+00	
1.050157E+03	-7.603055E-03	1.376032E+00	
1.080200E+03	-7.803889E-03	1.506877E+00	
1.111103E+03	-3.145984E-03	1.640651E+00	
1.142890E+03	9.126051E-03	1.745874E+00	
1.175586E+03	2.542588E-02	1.837157E+00	
1.209218E+03	4.189668E-02	1.926109E+00	
1.243811E+03	5.790825E-02	2.009456E+00	
1.279395E+03	7.678852E-02	1.995663E+00	
1.315996E+03	8.569325E-02	2.035092E+00	
1.353644E+03	9.930453E-02	2.045570E+00	
1.392370E+03	1.110533E-01	2.064222E+00	
1.432203E+03	9.984466E-02	2.094632E+00	
1.473176E+03	1.058377E-01	2.260720E+00	
1.515321E+03	1.153729E-01	2.353261E+00	
1.558672E+03	1.245129E-01	2.590857E+00	
1.603263E+03	1.404093E-01	2.785425E+00	
1.649129E+03	1.599735E-01	2.992269E+00	
1.696308E+03	1.911564E-01	3.304745E+00	
1.744837E+03	2.291742E-01	3.521277E+00	
1.794754E+03	2.933989E-01	3.988546E+00	
1.846098E+03	3.712883E-01	4.129186E+00	
1.898912E+03	4.621731E-01	4.410762E+00	
1.953237E+03	5.789711E-01	4.489315E+00	
2.009116E+03	7.114344E-01	4.424442E+00	
2.066593E+03	8.390861E-01	4.097948E+00	
2.125715E+03	9.557072E-01	3.588749E+00	
2.186528E+03	1.053531E+00	3.034090E+00	
2.249081E+03	1.152665E+00	2.193529E+00	
2.313423E+03	1.216524E+00	1.375019E+00	
2.379606E+03	1.247681E+00	4.075602E-01	
2.447683E+03	1.248597E+00	-5.795755E-01	
2.517707E+03	1.211527E+00	-1.393076E+00	
2.589734E+03	1.161530E+00	-1.983861E+00	
2.663822E+03	1.123913E+00	-2.504133E+00	
2.740029E+03	1.090185E+00	-2.924735E+00	
2.818417E+03	1.043723E+00	-3.367418E+00	
2.899047E+03	1.003542E+00	-3.680648E+00	
2.981984E+03	9.760389E-01	-3.882153E+00	
3.067293E+03	9.763543E-01	-4.172269E+00	
3.155043E+03	9.798828E-01	-4.776542E+00	
3.245304E+03	9.501289E-01	-5.491877E+00	
3.338146E+03	8.606672E-01	-6.207904E+00	
3.433645E+03	7.459614E-01	-6.660045E+00	
3.531876E+03	6.283212E-01	-6.788943E+00	
3.632917E+03	5.200452E-01	-6.805383E+00	
3.736849E+03	4.332896E-01	-6.628124E+00	
3.843753E+03	3.635609E-01	-6.352925E+00	
3.953717E+03	3.239338E-01	-6.059361E+00	
4.066826E+03	3.115998E-01	-5.959077E+00	
4.183171E+03	2.872422E-01	-6.008500E+00	
4.302844E+03	2.170933E-01	-6.175451E+00	
4.425941E+03	1.024063E-01	-6.137852E+00	
4.552560E+03	-2.157812E-02	-5.539591E+00	
4.682801E+03	-8.602988E-02	-4.539913E+00	
4.816768E+03	-6.283148E-02	-3.544771E+00	
4.954568E+03	-1.702970E-02	-2.939678E+00	
5.096310E+03	7.092383E-03	-2.401997E+00	
5.242106E+03	1.798096E-02	-1.779133E+00	
5.392074E+03	3.674832E-02	-6.890378E-01	
5.546332E+03	1.456018E-01	9.618296E-01	
5.705003E+03	4.783134E-01	2.342917E+00	
5.868214E+03	8.763986E-01	1.917144E+00	
6.036093E+03	1.076108E+00	5.664237E-01	
6.208776E+03	1.117862E+00	-3.054775E-02	
6.386398E+03	1.251417E+00	1.871593E-01	
6.569102E+03	1.522562E+00	3.359611E-01	
6.757033E+03	1.925617E+00	-8.341094E-01	
6.950340E+03	2.199291E+00	-3.593685E+00	
7.149178E+03	2.178116E+00	-6.866750E+00	
7.353704E+03	1.951063E+00	-8.707371E+00	
7.564081E+03	1.746925E+00	-9.158143E+00	
7.780476E+03	1.728206E+00	-8.833553E+00	
8.003063E+03	1.819010E+00	-9.521805E+00	
8.232017E+03	1.794568E+00	-1.071994E+01	
8.467521E+03	1.650793E+00	-1.108497E+01	
8.709762E+03	1.642154E+00	-1.039101E+01	
8.958934E+03	1.840354E+00	-1.010453E+01	
9.215233E+03	2.036665E+00	-1.112667E+01	
9.478865E+03	2.119994E+00	-1.214719E+01	
9.750040E+03	2.280036E+00	-1.320309E+01	
1.002897E+04	2.364425E+00	-1.510670E+01	
1.031588E+04	2.321573E+00	-1.661666E+01	
1.061100E+04	2.344642E+00	-1.734433E+01	
1.091457E+04	2.452087E+00	-1.877768E+01	
1.122681E+04	2.407773E+00	-2.066480E+01	
1.154799E+04	2.341830E+00	-2.134963E+01	
1.187836E+04	2.464569E+00	-2.233692E+01	
1.221818E+04	2.496599E+00	-2.438660E+01	
1.256772E+04	2.414803E+00	-2.558666E+01	
1.292726E+04	2.506201E+00	-2.651714E+01	
1.329709E+04	2.583734E+00	-2.880421E+01	
1.367750E+04	2.504310E+00	-3.070619E+01	
1.406879E+04	2.538087E+00	-3.210001E+01	
1.447127E+04	2.539609E+00	-3.459318E+01	
1.488527E+04	2.455110E+00	-3.641866E+01	
1.531111E+04	2.451971E+00	-3.870988E+01	
1.574914E+04	2.333201E+00	-4.101377E+01	
1.619970E+04	2.263901E+00	-4.324042E+01	
1.666314E+04	2.135479E+00	-4.556726E+01	
1.713985E+04	2.049374E+00	-4.799736E+01	
1.763019E+04	1.851994E+00	-5.083016E+01	
1.813456E+04	1.668261E+00	-5.267222E+01	
1.865336E+04	1.604270E+00	-5.540627E+01	
1.918700E+04	1.379459E+00	-5.855526E+01	
1.973590E+04	1.178298E+00	-6.161943E+01	
2.030052E+04	8.759369E-01	-6.506757E+01	
2.088128E+04	4.902400E-01	-6.819353E+01	
2.147866E+04	1.399781E-01	-7.145489E+01	
2.209313E+04	-3.057494E-01	-7.462214E+01	
2.272517E+04	-7.763149E-01	-7.854713E+01	
2.337530E+04	-1.403552E+00	-8.214721E+01	
2.404403E+04	-2.214720E+00	-8.536801E+01	
2.473189E+04	-3.026110E+00	-8.801159E+01	
2.543942E+04	-3.945860E+00	-8.973016E+01	
2.616720E+04	-4.853515E+00	-9.075049E+01	
2.691580E+04	-5.769947E+00	-9.159312E+01	
2.768582E+04	-6.645114E+00	-9.151402E+01	
2.847786E+04	-7.536547E+00	-9.141000E+01	
2.929257E+04	-8.461380E+00	-9.156151E+01	
3.013058E+04	-9.454203E+00	-9.095068E+01	
3.099256E+04	-1.052750E+01	-8.949889E+01	
3.187921E+04	-1.155990E+01	-8.714473E+01	
3.279121E+04	-1.255933E+01	-8.409814E+01	
3.372932E+04	-1.358106E+01	-8.058752E+01	
3.469425E+04	-1.450125E+01	-7.663528E+01	
3.568680E+04	-1.547122E+01	-7.176136E+01	
3.670774E+04	-1.639270E+01	-6.599760E+01	
3.775788E+04	-1.717101E+01	-5.930227E+01	
3.883807E+04	-1.783112E+01	-5.210561E+01	
3.994916E+04	-1.839275E+01	-4.379159E+01	
4.109204E+04	-1.871941E+01	-3.478196E+01	
4.226762E+04	-1.881250E+01	-2.609138E+01	
4.347682E+04	-1.865475E+01	-1.853660E+01	
4.472062E+04	-1.843426E+01	-1.199573E+01	
4.600000E+04	-1.820296E+01	-6.827300E+00	
